#
# There is insufficient memory for the Java Runtime Environment to continue.
# Native memory allocation (mmap) failed to map 87031808 bytes for committing reserved memory.
# Possible reasons:
#   The system is out of physical RAM or swap space
#   In 32 bit mode, the process size limit was hit
# Possible solutions:
#   Reduce memory load on the system
#   Increase physical memory or swap space
#   Check if swap backing store is full
#   Use 64 bit Java on a 64 bit OS
#   Decrease Java heap size (-Xmx/-Xms)
#   Decrease number of Java threads
#   Decrease Java thread stack sizes (-Xss)
#   Set larger code cache with -XX:ReservedCodeCacheSize=
# This output file may be truncated or incomplete.
#
#  Out of Memory Error (os_linux.cpp:2627), pid=25138, tid=0x00007f14b9cd6700
#
# JRE version:  (8.0_101-b13) (build )
# Java VM: Java HotSpot(TM) 64-Bit Server VM (25.101-b13 mixed mode linux-amd64 compressed oops)
# Failed to write core dump. Core dumps have been disabled. To enable core dumping, try "ulimit -c unlimited" before starting Java again
#

---------------  T H R E A D  ---------------

Current thread (0x00007f14b000a000):  JavaThread "Unknown thread" [_thread_in_vm, id=25162, stack(0x00007f14b9bd6000,0x00007f14b9cd7000)]

Stack: [0x00007f14b9bd6000,0x00007f14b9cd7000],  sp=0x00007f14b9cd5380,  free space=1020k
Native frames: (J=compiled Java code, j=interpreted, Vv=VM code, C=native code)
V  [libjvm.so+0xac3f0a]  VMError::report_and_die()+0x2ba
V  [libjvm.so+0x4fbf9b]  report_vm_out_of_memory(char const*, int, unsigned long, VMErrorType, char const*)+0x8b
V  [libjvm.so+0x9222d3]  os::Linux::commit_memory_impl(char*, unsigned long, bool)+0x103
V  [libjvm.so+0x922829]  os::pd_commit_memory(char*, unsigned long, unsigned long, bool)+0x29
V  [libjvm.so+0x91cb2a]  os::commit_memory(char*, unsigned long, unsigned long, bool)+0x2a
V  [libjvm.so+0x991053]  PSVirtualSpace::expand_by(unsigned long)+0x53
V  [libjvm.so+0x981177]  PSOldGen::initialize(ReservedSpace, unsigned long, char const*, int)+0xb7
V  [libjvm.so+0x2d884a]  AdjoiningGenerations::AdjoiningGenerations(ReservedSpace, GenerationSizer*, unsigned long)+0x39a
V  [libjvm.so+0x945686]  ParallelScavengeHeap::initialize()+0x1d6
V  [libjvm.so+0xa8c753]  Universe::initialize_heap()+0xf3
V  [libjvm.so+0xa8c99e]  universe_init()+0x3e
V  [libjvm.so+0x63bdf5]  init_globals()+0x65
V  [libjvm.so+0xa70bfe]  Threads::create_vm(JavaVMInitArgs*, bool*)+0x23e
V  [libjvm.so+0x6d08f4]  JNI_CreateJavaVM+0x74
C  [libjli.so+0x745e]  JavaMain+0x9e
C  [libpthread.so.0+0x8184]  start_thread+0xc4


---------------  P R O C E S S  ---------------

Java Threads: ( => current thread )

Other Threads:

=>0x00007f14b000a000 (exited) JavaThread "Unknown thread" [_thread_in_vm, id=25162, stack(0x00007f14b9bd6000,0x00007f14b9cd7000)]

VM state:not at safepoint (not fully initialized)

VM Mutex/Monitor currently owned by a thread: None

GC Heap History (0 events):
No events

Deoptimization events (0 events):
No events

Internal exceptions (0 events):
No events

Events (0 events):
No events


Dynamic libraries:
00400000-00401000 r-xp 00000000 08:06 5137002                            /usr/lib/jvm/java-8-oracle/bin/java
00600000-00601000 rw-p 00000000 08:06 5137002                            /usr/lib/jvm/java-8-oracle/bin/java
0096b000-0098c000 rw-p 00000000 00:00 0                                  [heap]
c5300000-eab00000 ---p 00000000 00:00 0 
eab00000-ed400000 rw-p 00000000 00:00 0 
ed400000-100000000 ---p 00000000 00:00 0 
7f14a1000000-7f14a1270000 rwxp 00000000 00:00 0 
7f14a1270000-7f14b0000000 ---p 00000000 00:00 0 
7f14b0000000-7f14b0032000 rw-p 00000000 00:00 0 
7f14b0032000-7f14b4000000 ---p 00000000 00:00 0 
7f14b6505000-7f14b678c000 rw-p 00000000 00:00 0 
7f14b678c000-7f14b68e1000 ---p 00000000 00:00 0 
7f14b68e1000-7f14b68f6000 rw-p 00000000 00:00 0 
7f14b68f6000-7f14b698c000 ---p 00000000 00:00 0 
7f14b698c000-7f14b6997000 rw-p 00000000 00:00 0 
7f14b6997000-7f14b6d4d000 ---p 00000000 00:00 0 
7f14b6d4d000-7f14b6d67000 r-xp 00000000 08:06 5521832                    /usr/lib/jvm/java-8-oracle/jre/lib/amd64/libzip.so
7f14b6d67000-7f14b6f67000 ---p 0001a000 08:06 5521832                    /usr/lib/jvm/java-8-oracle/jre/lib/amd64/libzip.so
7f14b6f67000-7f14b6f68000 rw-p 0001a000 08:06 5521832                    /usr/lib/jvm/java-8-oracle/jre/lib/amd64/libzip.so
7f14b6f68000-7f14b6f72000 r-xp 00000000 08:06 1321277                    /lib/x86_64-linux-gnu/libnss_files-2.19.so
7f14b6f72000-7f14b7171000 ---p 0000a000 08:06 1321277                    /lib/x86_64-linux-gnu/libnss_files-2.19.so
7f14b7171000-7f14b7172000 r--p 00009000 08:06 1321277                    /lib/x86_64-linux-gnu/libnss_files-2.19.so
7f14b7172000-7f14b7173000 rw-p 0000a000 08:06 1321277                    /lib/x86_64-linux-gnu/libnss_files-2.19.so
7f14b7173000-7f14b717e000 r-xp 00000000 08:06 1321269                    /lib/x86_64-linux-gnu/libnss_nis-2.19.so
7f14b717e000-7f14b737d000 ---p 0000b000 08:06 1321269                    /lib/x86_64-linux-gnu/libnss_nis-2.19.so
7f14b737d000-7f14b737e000 r--p 0000a000 08:06 1321269                    /lib/x86_64-linux-gnu/libnss_nis-2.19.so
7f14b737e000-7f14b737f000 rw-p 0000b000 08:06 1321269                    /lib/x86_64-linux-gnu/libnss_nis-2.19.so
7f14b737f000-7f14b7396000 r-xp 00000000 08:06 1321265                    /lib/x86_64-linux-gnu/libnsl-2.19.so
7f14b7396000-7f14b7595000 ---p 00017000 08:06 1321265                    /lib/x86_64-linux-gnu/libnsl-2.19.so
7f14b7595000-7f14b7596000 r--p 00016000 08:06 1321265                    /lib/x86_64-linux-gnu/libnsl-2.19.so
7f14b7596000-7f14b7597000 rw-p 00017000 08:06 1321265                    /lib/x86_64-linux-gnu/libnsl-2.19.so
7f14b7597000-7f14b7599000 rw-p 00000000 00:00 0 
7f14b7599000-7f14b75a2000 r-xp 00000000 08:06 1321264                    /lib/x86_64-linux-gnu/libnss_compat-2.19.so
7f14b75a2000-7f14b77a1000 ---p 00009000 08:06 1321264                    /lib/x86_64-linux-gnu/libnss_compat-2.19.so
7f14b77a1000-7f14b77a2000 r--p 00008000 08:06 1321264                    /lib/x86_64-linux-gnu/libnss_compat-2.19.so
7f14b77a2000-7f14b77a3000 rw-p 00009000 08:06 1321264                    /lib/x86_64-linux-gnu/libnss_compat-2.19.so
7f14b77a3000-7f14b77cd000 r-xp 00000000 08:06 5521865                    /usr/lib/jvm/java-8-oracle/jre/lib/amd64/libjava.so
7f14b77cd000-7f14b79cd000 ---p 0002a000 08:06 5521865                    /usr/lib/jvm/java-8-oracle/jre/lib/amd64/libjava.so
7f14b79cd000-7f14b79cf000 rw-p 0002a000 08:06 5521865                    /usr/lib/jvm/java-8-oracle/jre/lib/amd64/libjava.so
7f14b79cf000-7f14b79dc000 r-xp 00000000 08:06 5521817                    /usr/lib/jvm/java-8-oracle/jre/lib/amd64/libverify.so
7f14b79dc000-7f14b7bdc000 ---p 0000d000 08:06 5521817                    /usr/lib/jvm/java-8-oracle/jre/lib/amd64/libverify.so
7f14b7bdc000-7f14b7bde000 rw-p 0000d000 08:06 5521817                    /usr/lib/jvm/java-8-oracle/jre/lib/amd64/libverify.so
7f14b7bde000-7f14b7be5000 r-xp 00000000 08:06 1321273                    /lib/x86_64-linux-gnu/librt-2.19.so
7f14b7be5000-7f14b7de4000 ---p 00007000 08:06 1321273                    /lib/x86_64-linux-gnu/librt-2.19.so
7f14b7de4000-7f14b7de5000 r--p 00006000 08:06 1321273                    /lib/x86_64-linux-gnu/librt-2.19.so
7f14b7de5000-7f14b7de6000 rw-p 00007000 08:06 1321273                    /lib/x86_64-linux-gnu/librt-2.19.so
7f14b7de6000-7f14b7eeb000 r-xp 00000000 08:06 1321259                    /lib/x86_64-linux-gnu/libm-2.19.so
7f14b7eeb000-7f14b80ea000 ---p 00105000 08:06 1321259                    /lib/x86_64-linux-gnu/libm-2.19.so
7f14b80ea000-7f14b80eb000 r--p 00104000 08:06 1321259                    /lib/x86_64-linux-gnu/libm-2.19.so
7f14b80eb000-7f14b80ec000 rw-p 00105000 08:06 1321259                    /lib/x86_64-linux-gnu/libm-2.19.so
7f14b80ec000-7f14b8db7000 r-xp 00000000 08:06 5521859                    /usr/lib/jvm/java-8-oracle/jre/lib/amd64/server/libjvm.so
7f14b8db7000-7f14b8fb6000 ---p 00ccb000 08:06 5521859                    /usr/lib/jvm/java-8-oracle/jre/lib/amd64/server/libjvm.so
7f14b8fb6000-7f14b908f000 rw-p 00cca000 08:06 5521859                    /usr/lib/jvm/java-8-oracle/jre/lib/amd64/server/libjvm.so
7f14b908f000-7f14b90da000 rw-p 00000000 00:00 0 
7f14b90da000-7f14b9294000 r-xp 00000000 08:06 1321274                    /lib/x86_64-linux-gnu/libc-2.19.so
7f14b9294000-7f14b9494000 ---p 001ba000 08:06 1321274                    /lib/x86_64-linux-gnu/libc-2.19.so
7f14b9494000-7f14b9498000 r--p 001ba000 08:06 1321274                    /lib/x86_64-linux-gnu/libc-2.19.so
7f14b9498000-7f14b949a000 rw-p 001be000 08:06 1321274                    /lib/x86_64-linux-gnu/libc-2.19.so
7f14b949a000-7f14b949f000 rw-p 00000000 00:00 0 
7f14b949f000-7f14b94a2000 r-xp 00000000 08:06 1321261                    /lib/x86_64-linux-gnu/libdl-2.19.so
7f14b94a2000-7f14b96a1000 ---p 00003000 08:06 1321261                    /lib/x86_64-linux-gnu/libdl-2.19.so
7f14b96a1000-7f14b96a2000 r--p 00002000 08:06 1321261                    /lib/x86_64-linux-gnu/libdl-2.19.so
7f14b96a2000-7f14b96a3000 rw-p 00003000 08:06 1321261                    /lib/x86_64-linux-gnu/libdl-2.19.so
7f14b96a3000-7f14b96b8000 r-xp 00000000 08:06 5386006                    /usr/lib/jvm/java-8-oracle/lib/amd64/jli/libjli.so
7f14b96b8000-7f14b98b8000 ---p 00015000 08:06 5386006                    /usr/lib/jvm/java-8-oracle/lib/amd64/jli/libjli.so
7f14b98b8000-7f14b98b9000 rw-p 00015000 08:06 5386006                    /usr/lib/jvm/java-8-oracle/lib/amd64/jli/libjli.so
7f14b98b9000-7f14b98d2000 r-xp 00000000 08:06 1321266                    /lib/x86_64-linux-gnu/libpthread-2.19.so
7f14b98d2000-7f14b9ad1000 ---p 00019000 08:06 1321266                    /lib/x86_64-linux-gnu/libpthread-2.19.so
7f14b9ad1000-7f14b9ad2000 r--p 00018000 08:06 1321266                    /lib/x86_64-linux-gnu/libpthread-2.19.so
7f14b9ad2000-7f14b9ad3000 rw-p 00019000 08:06 1321266                    /lib/x86_64-linux-gnu/libpthread-2.19.so
7f14b9ad3000-7f14b9ad7000 rw-p 00000000 00:00 0 
7f14b9ad7000-7f14b9afa000 r-xp 00000000 08:06 1321267                    /lib/x86_64-linux-gnu/ld-2.19.so
7f14b9bd6000-7f14b9bd9000 ---p 00000000 00:00 0 
7f14b9bd9000-7f14b9cdb000 rw-p 00000000 00:00 0 
7f14b9cea000-7f14b9ced000 rw-p 00000000 00:00 0 
7f14b9ced000-7f14b9cf5000 rw-s 00000000 08:06 2769361                    /tmp/hsperfdata_margaret/25138
7f14b9cf5000-7f14b9cf6000 rw-p 00000000 00:00 0 
7f14b9cf6000-7f14b9cf7000 r--p 00000000 00:00 0 
7f14b9cf7000-7f14b9cf9000 rw-p 00000000 00:00 0 
7f14b9cf9000-7f14b9cfa000 r--p 00022000 08:06 1321267                    /lib/x86_64-linux-gnu/ld-2.19.so
7f14b9cfa000-7f14b9cfb000 rw-p 00023000 08:06 1321267                    /lib/x86_64-linux-gnu/ld-2.19.so
7f14b9cfb000-7f14b9cfc000 rw-p 00000000 00:00 0 
7ffd49e83000-7ffd49ea4000 rw-p 00000000 00:00 0                          [stack]
7ffd49f20000-7ffd49f22000 r--p 00000000 00:00 0                          [vvar]
7ffd49f22000-7ffd49f24000 r-xp 00000000 00:00 0                          [vdso]
ffffffffff600000-ffffffffff601000 r-xp 00000000 00:00 0                  [vsyscall]

VM Arguments:
jvm_args: -Djava.awt.headless=true -Xmx1024M -Dfile.encoding=UTF-8 -Duser.country=US -Duser.language=en -Duser.variant 
java_command: com.android.dx.command.Main --dex --num-threads=4 --output /home/margaret/Android-scavenger-hunt/Scavenger-hunt/app/build/intermediates/pre-dexed/debug/com.google.android.gms-play-services-basement-9.6.1_227193110bdb00bb2607bbaa562db6dff23c732b.jar /home/margaret/Android-scavenger-hunt/Scavenger-hunt/app/build/intermediates/exploded-aar/com.google.android.gms/play-services-basement/9.6.1/jars/classes.jar
java_class_path (initial): /home/margaret/Android/Sdk/build-tools/24.0.2/lib/dx.jar
Launcher Type: SUN_STANDARD

Environment Variables:
PATH=/usr/local/sbin:/usr/local/bin:/usr/sbin:/usr/bin:/sbin:/bin:/usr/games:/usr/local/games:/opt/matlab/bin
SHELL=/bin/bash
DISPLAY=:0

Signal Handlers:
SIGSEGV: [libjvm.so+0xac4790], sa_mask[0]=11111111011111111101111111111110, sa_flags=SA_RESTART|SA_SIGINFO
SIGBUS: [libjvm.so+0xac4790], sa_mask[0]=11111111011111111101111111111110, sa_flags=SA_RESTART|SA_SIGINFO
SIGFPE: [libjvm.so+0x91f140], sa_mask[0]=11111111011111111101111111111110, sa_flags=SA_RESTART|SA_SIGINFO
SIGPIPE: [libjvm.so+0x91f140], sa_mask[0]=11111111011111111101111111111110, sa_flags=SA_RESTART|SA_SIGINFO
SIGXFSZ: [libjvm.so+0x91f140], sa_mask[0]=11111111011111111101111111111110, sa_flags=SA_RESTART|SA_SIGINFO
SIGILL: [libjvm.so+0x91f140], sa_mask[0]=11111111011111111101111111111110, sa_flags=SA_RESTART|SA_SIGINFO
SIGUSR1: SIG_DFL, sa_mask[0]=00000000000000000000000000000000, sa_flags=none
SIGUSR2: [libjvm.so+0x920770], sa_mask[0]=00100000000000000000000000000000, sa_flags=SA_RESTART|SA_SIGINFO
SIGHUP: SIG_DFL, sa_mask[0]=00000000000000000000000000000000, sa_flags=none
SIGINT: SIG_DFL, sa_mask[0]=00000000000000000000000000000000, sa_flags=none
SIGTERM: SIG_DFL, sa_mask[0]=00000000000000000000000000000000, sa_flags=none
SIGQUIT: SIG_DFL, sa_mask[0]=00000000000000000000000000000000, sa_flags=none


---------------  S Y S T E M  ---------------

OS:DISTRIB_ID=Ubuntu
DISTRIB_RELEASE=14.04
DISTRIB_CODENAME=trusty
DISTRIB_DESCRIPTION="Ubuntu 14.04.5 LTS"

uname:Linux 4.4.0-36-generic #55~14.04.1-Ubuntu SMP Fri Aug 12 11:49:30 UTC 2016 x86_64
libc:glibc 2.19 NPTL 2.19 
rlimit: STACK 8192k, CORE 0k, NPROC 31403, NOFILE 4096, AS infinity
load average:5.75 14.24 12.82

/proc/meminfo:
MemTotal:        8061516 kB
MemFree:          115400 kB
MemAvailable:      28588 kB
Buffers:            4484 kB
Cached:          1622276 kB
SwapCached:         1132 kB
Active:          6528228 kB
Inactive:        1004364 kB
Active(anon):    6501408 kB
Inactive(anon):   993064 kB
Active(file):      26820 kB
Inactive(file):    11300 kB
Unevictable:         172 kB
Mlocked:             172 kB
SwapTotal:       8272892 kB
SwapFree:              4 kB
Dirty:               384 kB
Writeback:             0 kB
AnonPages:       5906356 kB
Mapped:            37108 kB
Shmem:           1588064 kB
Slab:             142764 kB
SReclaimable:      59984 kB
SUnreclaim:        82780 kB
KernelStack:       17936 kB
PageTables:       154724 kB
NFS_Unstable:          0 kB
Bounce:                0 kB
WritebackTmp:          0 kB
CommitLimit:    12303648 kB
Committed_AS:   26891276 kB
VmallocTotal:   34359738367 kB
VmallocUsed:           0 kB
VmallocChunk:          0 kB
HardwareCorrupted:     0 kB
AnonHugePages:   1925120 kB
CmaTotal:              0 kB
CmaFree:               0 kB
HugePages_Total:       0
HugePages_Free:        0
HugePages_Rsvd:        0
HugePages_Surp:        0
Hugepagesize:       2048 kB
DirectMap4k:      414544 kB
DirectMap2M:     7860224 kB
DirectMap1G:           0 kB


CPU:total 4 (2 cores per cpu, 2 threads per core) family 6 model 61 stepping 4, cmov, cx8, fxsr, mmx, sse, sse2, sse3, ssse3, sse4.1, sse4.2, popcnt, avx, avx2, aes, clmul, erms, rtm, 3dnowpref, lzcnt, ht, tsc, tscinvbit, bmi1, bmi2, adx

/proc/cpuinfo:
processor	: 0
vendor_id	: GenuineIntel
cpu family	: 6
model		: 61
model name	: Intel(R) Core(TM) i7-5600U CPU @ 2.60GHz
stepping	: 4
microcode	: 0x1d
cpu MHz		: 3101.210
cache size	: 4096 KB
physical id	: 0
siblings	: 4
core id		: 0
cpu cores	: 2
apicid		: 0
initial apicid	: 0
fpu		: yes
fpu_exception	: yes
cpuid level	: 20
wp		: yes
flags		: fpu vme de pse tsc msr pae mce cx8 apic sep mtrr pge mca cmov pat pse36 clflush dts acpi mmx fxsr sse sse2 ss ht tm pbe syscall nx pdpe1gb rdtscp lm constant_tsc arch_perfmon pebs bts rep_good nopl xtopology nonstop_tsc aperfmperf eagerfpu pni pclmulqdq dtes64 monitor ds_cpl vmx smx est tm2 ssse3 sdbg fma cx16 xtpr pdcm pcid sse4_1 sse4_2 x2apic movbe popcnt tsc_deadline_timer aes xsave avx f16c rdrand lahf_lm abm 3dnowprefetch epb intel_pt tpr_shadow vnmi flexpriority ept vpid fsgsbase tsc_adjust bmi1 hle avx2 smep bmi2 erms invpcid rtm rdseed adx smap xsaveopt dtherm ida arat pln pts
bugs		:
bogomips	: 5187.87
clflush size	: 64
cache_alignment	: 64
address sizes	: 39 bits physical, 48 bits virtual
power management:

processor	: 1
vendor_id	: GenuineIntel
cpu family	: 6
model		: 61
model name	: Intel(R) Core(TM) i7-5600U CPU @ 2.60GHz
stepping	: 4
microcode	: 0x1d
cpu MHz		: 3099.992
cache size	: 4096 KB
physical id	: 0
siblings	: 4
core id		: 1
cpu cores	: 2
apicid		: 2
initial apicid	: 2
fpu		: yes
fpu_exception	: yes
cpuid level	: 20
wp		: yes
flags		: fpu vme de pse tsc msr pae mce cx8 apic sep mtrr pge mca cmov pat pse36 clflush dts acpi mmx fxsr sse sse2 ss ht tm pbe syscall nx pdpe1gb rdtscp lm constant_tsc arch_perfmon pebs bts rep_good nopl xtopology nonstop_tsc aperfmperf eagerfpu pni pclmulqdq dtes64 monitor ds_cpl vmx smx est tm2 ssse3 sdbg fma cx16 xtpr pdcm pcid sse4_1 sse4_2 x2apic movbe popcnt tsc_deadline_timer aes xsave avx f16c rdrand lahf_lm abm 3dnowprefetch epb intel_pt tpr_shadow vnmi flexpriority ept vpid fsgsbase tsc_adjust bmi1 hle avx2 smep bmi2 erms invpcid rtm rdseed adx smap xsaveopt dtherm ida arat pln pts
bugs		:
bogomips	: 5187.87
clflush size	: 64
cache_alignment	: 64
address sizes	: 39 bits physical, 48 bits virtual
power management:

processor	: 2
vendor_id	: GenuineIntel
cpu family	: 6
model		: 61
model name	: Intel(R) Core(TM) i7-5600U CPU @ 2.60GHz
stepping	: 4
microcode	: 0x1d
cpu MHz		: 3100.703
cache size	: 4096 KB
physical id	: 0
siblings	: 4
core id		: 0
cpu cores	: 2
apicid		: 1
initial apicid	: 1
fpu		: yes
fpu_exception	: yes
cpuid level	: 20
wp		: yes
flags		: fpu vme de pse tsc msr pae mce cx8 apic sep mtrr pge mca cmov pat pse36 clflush dts acpi mmx fxsr sse sse2 ss ht tm pbe syscall nx pdpe1gb rdtscp lm constant_tsc arch_perfmon pebs bts rep_good nopl xtopology nonstop_tsc aperfmperf eagerfpu pni pclmulqdq dtes64 monitor ds_cpl vmx smx est tm2 ssse3 sdbg fma cx16 xtpr pdcm pcid sse4_1 sse4_2 x2apic movbe popcnt tsc_deadline_timer aes xsave avx f16c rdrand lahf_lm abm 3dnowprefetch epb intel_pt tpr_shadow vnmi flexpriority ept vpid fsgsbase tsc_adjust bmi1 hle avx2 smep bmi2 erms invpcid rtm rdseed adx smap xsaveopt dtherm ida arat pln pts
bugs		:
bogomips	: 5187.87
clflush size	: 64
cache_alignment	: 64
address sizes	: 39 bits physical, 48 bits virtual
power management:

processor	: 3
vendor_id	: GenuineIntel
cpu family	: 6
model		: 61
model name	: Intel(R) Core(TM) i7-5600U CPU @ 2.60GHz
stepping	: 4
microcode	: 0x1d
cpu MHz		: 3099.992
cache size	: 4096 KB
physical id	: 0
siblings	: 4
core id		: 1
cpu cores	: 2
apicid		: 3
initial apicid	: 3
fpu		: yes
fpu_exception	: yes
cpuid level	: 20
wp		: yes
flags		: fpu vme de pse tsc msr pae mce cx8 apic sep mtrr pge mca cmov pat pse36 clflush dts acpi mmx fxsr sse sse2 ss ht tm pbe syscall nx pdpe1gb rdtscp lm constant_tsc arch_perfmon pebs bts rep_good nopl xtopology nonstop_tsc aperfmperf eagerfpu pni pclmulqdq dtes64 monitor ds_cpl vmx smx est tm2 ssse3 sdbg fma cx16 xtpr pdcm pcid sse4_1 sse4_2 x2apic movbe popcnt tsc_deadline_timer aes xsave avx f16c rdrand lahf_lm abm 3dnowprefetch epb intel_pt tpr_shadow vnmi flexpriority ept vpid fsgsbase tsc_adjust bmi1 hle avx2 smep bmi2 erms invpcid rtm rdseed adx smap xsaveopt dtherm ida arat pln pts
bugs		:
bogomips	: 5187.87
clflush size	: 64
cache_alignment	: 64
address sizes	: 39 bits physical, 48 bits virtual
power management:



Memory: 4k page, physical 8061516k(114992k free), swap 8272892k(4k free)

vm_info: Java HotSpot(TM) 64-Bit Server VM (25.101-b13) for linux-amd64 JRE (1.8.0_101-b13), built on Jun 22 2016 02:59:44 by "java_re" with gcc 4.3.0 20080428 (Red Hat 4.3.0-8)

time: Sat Oct 22 16:52:19 2016
elapsed time: 0 seconds (0d 0h 0m 0s)

